<?xml version="1.0" encoding="UTF-8"?>
<robot generator="Robot 3.1.2 (Python 3.8.2 on win32)" generated="20200402 16:48:05.304" rpa="false">
<suite id="s1" name="RefactoringCheckbox" source="C:\Users\Lucas Ribeiro\Desktop\QaNinja\Curso de robot framework\web\RefactoringCheckbox.robot">
<test id="s1-t1" name="Check options with ID">
<kw name="nova sessao" type="setup">
<kw name="Open Browser" library="SeleniumLibrary">
<doc>Opens a new browser instance to the optional ``url``.</doc>
<arguments>
<arg>${url}</arg>
<arg>chrome</arg>
</arguments>
<msg timestamp="20200402 16:48:05.642" level="INFO">Opening browser 'chrome' to base url 'https://training-wheels-protocol.herokuapp.com/'.</msg>
<status status="PASS" starttime="20200402 16:48:05.641" endtime="20200402 16:48:14.804"></status>
</kw>
<status status="PASS" starttime="20200402 16:48:05.641" endtime="20200402 16:48:14.804"></status>
</kw>
<kw name="Go To" library="SeleniumLibrary">
<doc>Navigates the current browser window to the provided ``url``.</doc>
<arguments>
<arg>${url}checkboxes</arg>
</arguments>
<msg timestamp="20200402 16:48:14.805" level="INFO">Opening url 'https://training-wheels-protocol.herokuapp.com/checkboxes'</msg>
<status status="PASS" starttime="20200402 16:48:14.805" endtime="20200402 16:48:15.374"></status>
</kw>
<kw name="Select Checkbox" library="SeleniumLibrary">
<doc>Selects the checkbox identified by ``locator``.</doc>
<arguments>
<arg>${check_thor}</arg>
</arguments>
<msg timestamp="20200402 16:48:15.376" level="INFO">Selecting checkbox 'id:thor'.</msg>
<status status="PASS" starttime="20200402 16:48:15.375" endtime="20200402 16:48:15.523"></status>
</kw>
<kw name="Checkbox Should Be Selected" library="SeleniumLibrary">
<doc>Verifies checkbox ``locator`` is selected/checked.</doc>
<arguments>
<arg>${check_thor}</arg>
</arguments>
<msg timestamp="20200402 16:48:15.525" level="INFO">Verifying checkbox 'id:thor' is selected.</msg>
<status status="PASS" starttime="20200402 16:48:15.524" endtime="20200402 16:48:15.555"></status>
</kw>
<kw name="encerra sessao" type="teardown">
<kw name="Close Browser" library="SeleniumLibrary">
<doc>Closes the current browser.</doc>
<status status="PASS" starttime="20200402 16:48:15.556" endtime="20200402 16:48:17.784"></status>
</kw>
<status status="PASS" starttime="20200402 16:48:15.556" endtime="20200402 16:48:17.785"></status>
</kw>
<status status="PASS" starttime="20200402 16:48:05.640" endtime="20200402 16:48:17.786" critical="yes"></status>
</test>
<test id="s1-t2" name="Check options with css slector">
<kw name="nova sessao" type="setup">
<kw name="Open Browser" library="SeleniumLibrary">
<doc>Opens a new browser instance to the optional ``url``.</doc>
<arguments>
<arg>${url}</arg>
<arg>chrome</arg>
</arguments>
<msg timestamp="20200402 16:48:17.793" level="INFO">Opening browser 'chrome' to base url 'https://training-wheels-protocol.herokuapp.com/'.</msg>
<status status="PASS" starttime="20200402 16:48:17.792" endtime="20200402 16:48:25.953"></status>
</kw>
<status status="PASS" starttime="20200402 16:48:17.791" endtime="20200402 16:48:25.954"></status>
</kw>
<kw name="Go To" library="SeleniumLibrary">
<doc>Navigates the current browser window to the provided ``url``.</doc>
<arguments>
<arg>${url}checkboxes</arg>
</arguments>
<msg timestamp="20200402 16:48:25.955" level="INFO">Opening url 'https://training-wheels-protocol.herokuapp.com/checkboxes'</msg>
<status status="PASS" starttime="20200402 16:48:25.954" endtime="20200402 16:48:26.372"></status>
</kw>
<kw name="Select Checkbox" library="SeleniumLibrary">
<doc>Selects the checkbox identified by ``locator``.</doc>
<arguments>
<arg>${iron}</arg>
</arguments>
<msg timestamp="20200402 16:48:26.373" level="INFO">Selecting checkbox 'css:input[value='iron-man']'.</msg>
<status status="PASS" starttime="20200402 16:48:26.373" endtime="20200402 16:48:26.544"></status>
</kw>
<kw name="Checkbox Should Be Selected" library="SeleniumLibrary">
<doc>Verifies checkbox ``locator`` is selected/checked.</doc>
<arguments>
<arg>${iron}</arg>
</arguments>
<msg timestamp="20200402 16:48:26.546" level="INFO">Verifying checkbox 'css:input[value='iron-man']' is selected.</msg>
<status status="PASS" starttime="20200402 16:48:26.544" endtime="20200402 16:48:26.592"></status>
</kw>
<kw name="encerra sessao" type="teardown">
<kw name="Close Browser" library="SeleniumLibrary">
<doc>Closes the current browser.</doc>
<status status="PASS" starttime="20200402 16:48:26.594" endtime="20200402 16:48:30.006"></status>
</kw>
<status status="PASS" starttime="20200402 16:48:26.593" endtime="20200402 16:48:30.007"></status>
</kw>
<status status="PASS" starttime="20200402 16:48:17.790" endtime="20200402 16:48:30.008" critical="yes"></status>
</test>
<test id="s1-t3" name="Check options with xpath">
<kw name="nova sessao" type="setup">
<kw name="Open Browser" library="SeleniumLibrary">
<doc>Opens a new browser instance to the optional ``url``.</doc>
<arguments>
<arg>${url}</arg>
<arg>chrome</arg>
</arguments>
<msg timestamp="20200402 16:48:30.015" level="INFO">Opening browser 'chrome' to base url 'https://training-wheels-protocol.herokuapp.com/'.</msg>
<status status="PASS" starttime="20200402 16:48:30.014" endtime="20200402 16:48:40.606"></status>
</kw>
<status status="PASS" starttime="20200402 16:48:30.013" endtime="20200402 16:48:40.606"></status>
</kw>
<kw name="Go To" library="SeleniumLibrary">
<doc>Navigates the current browser window to the provided ``url``.</doc>
<arguments>
<arg>${url}checkboxes</arg>
</arguments>
<msg timestamp="20200402 16:48:40.607" level="INFO">Opening url 'https://training-wheels-protocol.herokuapp.com/checkboxes'</msg>
<status status="PASS" starttime="20200402 16:48:40.607" endtime="20200402 16:48:40.934"></status>
</kw>
<kw name="Select Checkbox" library="SeleniumLibrary">
<doc>Selects the checkbox identified by ``locator``.</doc>
<arguments>
<arg>${pantera}</arg>
</arguments>
<msg timestamp="20200402 16:48:40.936" level="INFO">Selecting checkbox 'xpath://*[@id='checkboxes']/input[7]'.</msg>
<status status="PASS" starttime="20200402 16:48:40.935" endtime="20200402 16:48:41.097"></status>
</kw>
<kw name="Checkbox Should Be Selected" library="SeleniumLibrary">
<doc>Verifies checkbox ``locator`` is selected/checked.</doc>
<arguments>
<arg>${pantera}</arg>
</arguments>
<msg timestamp="20200402 16:48:41.098" level="INFO">Verifying checkbox 'xpath://*[@id='checkboxes']/input[7]' is selected.</msg>
<status status="PASS" starttime="20200402 16:48:41.098" endtime="20200402 16:48:41.129"></status>
</kw>
<kw name="Sleep" library="BuiltIn">
<doc>Pauses the test executed for the given time.</doc>
<arguments>
<arg>5</arg>
</arguments>
<msg timestamp="20200402 16:48:46.131" level="INFO">Slept 5 seconds</msg>
<status status="PASS" starttime="20200402 16:48:41.129" endtime="20200402 16:48:46.131"></status>
</kw>
<kw name="encerra sessao" type="teardown">
<kw name="Close Browser" library="SeleniumLibrary">
<doc>Closes the current browser.</doc>
<status status="PASS" starttime="20200402 16:48:46.132" endtime="20200402 16:48:48.348"></status>
</kw>
<status status="PASS" starttime="20200402 16:48:46.132" endtime="20200402 16:48:48.349"></status>
</kw>
<status status="PASS" starttime="20200402 16:48:30.011" endtime="20200402 16:48:48.350" critical="yes"></status>
</test>
<status status="PASS" starttime="20200402 16:48:05.307" endtime="20200402 16:48:48.353"></status>
</suite>
<statistics>
<total>
<stat pass="3" fail="0">Critical Tests</stat>
<stat pass="3" fail="0">All Tests</stat>
</total>
<tag>
</tag>
<suite>
<stat pass="3" fail="0" id="s1" name="RefactoringCheckbox">RefactoringCheckbox</stat>
</suite>
</statistics>
<errors>
</errors>
</robot>
