<?xml version="1.0" encoding="UTF-8"?>
<robot generator="Robot 3.1.2 (Python 3.8.2 on win32)" generated="20200404 10:56:24.795" rpa="false">
<suite id="s1" name="Login Form" source="C:\Users\Lucas Ribeiro\Desktop\QaNinja\Curso de robot framework\web\test\login_form.robot">
<test id="s1-t1" name="Login successfully">
<kw name="nova sessao" library="base" type="setup">
<kw name="Open Browser" library="SeleniumLibrary">
<doc>Opens a new browser instance to the optional ``url``.</doc>
<arguments>
<arg>${url}</arg>
<arg>chrome</arg>
</arguments>
<msg timestamp="20200404 10:56:25.598" level="INFO">Opening browser 'chrome' to base url 'https://training-wheels-protocol.herokuapp.com/'.</msg>
<status status="PASS" starttime="20200404 10:56:25.598" endtime="20200404 10:56:34.091"></status>
</kw>
<status status="PASS" starttime="20200404 10:56:25.597" endtime="20200404 10:56:34.092"></status>
</kw>
<kw name="Go To" library="SeleniumLibrary">
<doc>Navigates the current browser window to the provided ``url``.</doc>
<arguments>
<arg>${url}login</arg>
</arguments>
<msg timestamp="20200404 10:56:34.093" level="INFO">Opening url 'https://training-wheels-protocol.herokuapp.com/login'</msg>
<status status="PASS" starttime="20200404 10:56:34.093" endtime="20200404 10:56:35.143"></status>
</kw>
<kw name="Login with">
<arguments>
<arg>stark</arg>
<arg>jarvis!</arg>
</arguments>
<kw name="Input Text" library="SeleniumLibrary">
<doc>Types the given ``text`` into the text field identified by ``locator``.</doc>
<arguments>
<arg>css:input[name=username]</arg>
<arg>${uname}</arg>
</arguments>
<msg timestamp="20200404 10:56:35.148" level="INFO">Typing text 'stark' into text field 'css:input[name=username]'.</msg>
<status status="PASS" starttime="20200404 10:56:35.146" endtime="20200404 10:56:35.283"></status>
</kw>
<kw name="Input Text" library="SeleniumLibrary">
<doc>Types the given ``text`` into the text field identified by ``locator``.</doc>
<arguments>
<arg>css:input[name=password]</arg>
<arg>${pass}</arg>
</arguments>
<msg timestamp="20200404 10:56:35.284" level="INFO">Typing text 'jarvis!' into text field 'css:input[name=password]'.</msg>
<status status="PASS" starttime="20200404 10:56:35.283" endtime="20200404 10:56:35.429"></status>
</kw>
<kw name="Click Element" library="SeleniumLibrary">
<doc>Click the element identified by ``locator``.</doc>
<arguments>
<arg>class:btn-login</arg>
</arguments>
<msg timestamp="20200404 10:56:35.429" level="INFO">Clicking element 'class:btn-login'.</msg>
<status status="PASS" starttime="20200404 10:56:35.429" endtime="20200404 10:56:35.973"></status>
</kw>
<status status="PASS" starttime="20200404 10:56:35.145" endtime="20200404 10:56:35.974"></status>
</kw>
<kw name="Page Should Contain" library="SeleniumLibrary">
<doc>Verifies that current page contains ``text``.</doc>
<arguments>
<arg>Olá, Tony Stark. Você acessou a área logada!</arg>
</arguments>
<msg timestamp="20200404 10:56:36.017" level="INFO">Current page contains text 'Olá, Tony Stark. Você acessou a área logada!'.</msg>
<status status="PASS" starttime="20200404 10:56:35.975" endtime="20200404 10:56:36.018"></status>
</kw>
<kw name="encerra sessao" library="base" type="teardown">
<kw name="Capture Page Screenshot" library="SeleniumLibrary">
<doc>Takes a screenshot of the current page and embeds it into a log file.</doc>
<msg timestamp="20200404 10:56:36.441" level="INFO" html="yes">&lt;/td&gt;&lt;/tr&gt;&lt;tr&gt;&lt;td colspan="3"&gt;&lt;a href="selenium-screenshot-29.png"&gt;&lt;img src="selenium-screenshot-29.png" width="800px"&gt;&lt;/a&gt;</msg>
<status status="PASS" starttime="20200404 10:56:36.020" endtime="20200404 10:56:36.442"></status>
</kw>
<kw name="Close Browser" library="SeleniumLibrary">
<doc>Closes the current browser.</doc>
<status status="PASS" starttime="20200404 10:56:36.442" endtime="20200404 10:56:38.755"></status>
</kw>
<status status="PASS" starttime="20200404 10:56:36.019" endtime="20200404 10:56:38.755"></status>
</kw>
<status status="PASS" starttime="20200404 10:56:25.597" endtime="20200404 10:56:38.756" critical="yes"></status>
</test>
<test id="s1-t2" name="Wrong password">
<kw name="nova sessao" library="base" type="setup">
<kw name="Open Browser" library="SeleniumLibrary">
<doc>Opens a new browser instance to the optional ``url``.</doc>
<arguments>
<arg>${url}</arg>
<arg>chrome</arg>
</arguments>
<msg timestamp="20200404 10:56:38.764" level="INFO">Opening browser 'chrome' to base url 'https://training-wheels-protocol.herokuapp.com/'.</msg>
<status status="PASS" starttime="20200404 10:56:38.763" endtime="20200404 10:56:47.404"></status>
</kw>
<status status="PASS" starttime="20200404 10:56:38.762" endtime="20200404 10:56:47.404"></status>
</kw>
<kw name="Go To" library="SeleniumLibrary">
<doc>Navigates the current browser window to the provided ``url``.</doc>
<arguments>
<arg>${url}login</arg>
</arguments>
<msg timestamp="20200404 10:56:47.406" level="INFO">Opening url 'https://training-wheels-protocol.herokuapp.com/login'</msg>
<status status="PASS" starttime="20200404 10:56:47.405" endtime="20200404 10:56:47.997"></status>
</kw>
<kw name="Login with">
<arguments>
<arg>stark</arg>
<arg>banana</arg>
</arguments>
<kw name="Input Text" library="SeleniumLibrary">
<doc>Types the given ``text`` into the text field identified by ``locator``.</doc>
<arguments>
<arg>css:input[name=username]</arg>
<arg>${uname}</arg>
</arguments>
<msg timestamp="20200404 10:56:48.001" level="INFO">Typing text 'stark' into text field 'css:input[name=username]'.</msg>
<status status="PASS" starttime="20200404 10:56:48.000" endtime="20200404 10:56:48.154"></status>
</kw>
<kw name="Input Text" library="SeleniumLibrary">
<doc>Types the given ``text`` into the text field identified by ``locator``.</doc>
<arguments>
<arg>css:input[name=password]</arg>
<arg>${pass}</arg>
</arguments>
<msg timestamp="20200404 10:56:48.155" level="INFO">Typing text 'banana' into text field 'css:input[name=password]'.</msg>
<status status="PASS" starttime="20200404 10:56:48.154" endtime="20200404 10:56:48.316"></status>
</kw>
<kw name="Click Element" library="SeleniumLibrary">
<doc>Click the element identified by ``locator``.</doc>
<arguments>
<arg>class:btn-login</arg>
</arguments>
<msg timestamp="20200404 10:56:48.316" level="INFO">Clicking element 'class:btn-login'.</msg>
<status status="PASS" starttime="20200404 10:56:48.316" endtime="20200404 10:56:49.053"></status>
</kw>
<status status="PASS" starttime="20200404 10:56:47.998" endtime="20200404 10:56:49.054"></status>
</kw>
<kw name="Should contain login alert">
<arguments>
<arg>Senha é invalida!</arg>
</arguments>
<kw name="Get WebElement" library="SeleniumLibrary">
<doc>Returns the first WebElement matching the given ``locator``.</doc>
<arguments>
<arg>id:flash</arg>
</arguments>
<assign>
<var>${message}</var>
</assign>
<msg timestamp="20200404 10:56:49.088" level="INFO">${message} = &lt;selenium.webdriver.remote.webelement.WebElement (session="7eaaa74b49f94a2d74c9f9bb7ec72546", element="230cdc1d-5567-41c4-a7eb-80d441d99cb1")&gt;</msg>
<status status="PASS" starttime="20200404 10:56:49.063" endtime="20200404 10:56:49.088"></status>
</kw>
<kw name="Should Contain" library="BuiltIn">
<doc>Fails if ``container`` does not contain ``item`` one or more times.</doc>
<arguments>
<arg>${message.text}</arg>
<arg>${expect_message}</arg>
</arguments>
<status status="PASS" starttime="20200404 10:56:49.088" endtime="20200404 10:56:49.117"></status>
</kw>
<status status="PASS" starttime="20200404 10:56:49.062" endtime="20200404 10:56:49.117"></status>
</kw>
<kw name="encerra sessao" library="base" type="teardown">
<kw name="Capture Page Screenshot" library="SeleniumLibrary">
<doc>Takes a screenshot of the current page and embeds it into a log file.</doc>
<msg timestamp="20200404 10:56:49.513" level="INFO" html="yes">&lt;/td&gt;&lt;/tr&gt;&lt;tr&gt;&lt;td colspan="3"&gt;&lt;a href="selenium-screenshot-30.png"&gt;&lt;img src="selenium-screenshot-30.png" width="800px"&gt;&lt;/a&gt;</msg>
<status status="PASS" starttime="20200404 10:56:49.120" endtime="20200404 10:56:49.514"></status>
</kw>
<kw name="Close Browser" library="SeleniumLibrary">
<doc>Closes the current browser.</doc>
<status status="PASS" starttime="20200404 10:56:49.514" endtime="20200404 10:56:51.749"></status>
</kw>
<status status="PASS" starttime="20200404 10:56:49.118" endtime="20200404 10:56:51.750"></status>
</kw>
<tags>
<tag>invalida</tag>
</tags>
<status status="PASS" starttime="20200404 10:56:38.760" endtime="20200404 10:56:51.751" critical="yes"></status>
</test>
<test id="s1-t3" name="User does not exist">
<kw name="nova sessao" library="base" type="setup">
<kw name="Open Browser" library="SeleniumLibrary">
<doc>Opens a new browser instance to the optional ``url``.</doc>
<arguments>
<arg>${url}</arg>
<arg>chrome</arg>
</arguments>
<msg timestamp="20200404 10:56:51.759" level="INFO">Opening browser 'chrome' to base url 'https://training-wheels-protocol.herokuapp.com/'.</msg>
<status status="PASS" starttime="20200404 10:56:51.758" endtime="20200404 10:56:59.680"></status>
</kw>
<status status="PASS" starttime="20200404 10:56:51.757" endtime="20200404 10:56:59.680"></status>
</kw>
<kw name="Go To" library="SeleniumLibrary">
<doc>Navigates the current browser window to the provided ``url``.</doc>
<arguments>
<arg>${url}login</arg>
</arguments>
<msg timestamp="20200404 10:56:59.681" level="INFO">Opening url 'https://training-wheels-protocol.herokuapp.com/login'</msg>
<status status="PASS" starttime="20200404 10:56:59.681" endtime="20200404 10:57:00.178"></status>
</kw>
<kw name="Login with">
<arguments>
<arg>banana</arg>
<arg>jarvis!</arg>
</arguments>
<kw name="Input Text" library="SeleniumLibrary">
<doc>Types the given ``text`` into the text field identified by ``locator``.</doc>
<arguments>
<arg>css:input[name=username]</arg>
<arg>${uname}</arg>
</arguments>
<msg timestamp="20200404 10:57:00.181" level="INFO">Typing text 'banana' into text field 'css:input[name=username]'.</msg>
<status status="PASS" starttime="20200404 10:57:00.180" endtime="20200404 10:57:00.365"></status>
</kw>
<kw name="Input Text" library="SeleniumLibrary">
<doc>Types the given ``text`` into the text field identified by ``locator``.</doc>
<arguments>
<arg>css:input[name=password]</arg>
<arg>${pass}</arg>
</arguments>
<msg timestamp="20200404 10:57:00.366" level="INFO">Typing text 'jarvis!' into text field 'css:input[name=password]'.</msg>
<status status="PASS" starttime="20200404 10:57:00.365" endtime="20200404 10:57:00.513"></status>
</kw>
<kw name="Click Element" library="SeleniumLibrary">
<doc>Click the element identified by ``locator``.</doc>
<arguments>
<arg>class:btn-login</arg>
</arguments>
<msg timestamp="20200404 10:57:00.513" level="INFO">Clicking element 'class:btn-login'.</msg>
<status status="PASS" starttime="20200404 10:57:00.513" endtime="20200404 10:57:01.082"></status>
</kw>
<status status="PASS" starttime="20200404 10:57:00.179" endtime="20200404 10:57:01.082"></status>
</kw>
<kw name="Should contain login alert">
<arguments>
<arg>O usuário informado não está cadastrado!</arg>
</arguments>
<kw name="Get WebElement" library="SeleniumLibrary">
<doc>Returns the first WebElement matching the given ``locator``.</doc>
<arguments>
<arg>id:flash</arg>
</arguments>
<assign>
<var>${message}</var>
</assign>
<msg timestamp="20200404 10:57:01.109" level="INFO">${message} = &lt;selenium.webdriver.remote.webelement.WebElement (session="84d37cab3706286fb18b72a8633bd9c0", element="85a00212-a7ba-45da-a90e-f7055e68fb1c")&gt;</msg>
<status status="PASS" starttime="20200404 10:57:01.084" endtime="20200404 10:57:01.109"></status>
</kw>
<kw name="Should Contain" library="BuiltIn">
<doc>Fails if ``container`` does not contain ``item`` one or more times.</doc>
<arguments>
<arg>${message.text}</arg>
<arg>${expect_message}</arg>
</arguments>
<status status="PASS" starttime="20200404 10:57:01.109" endtime="20200404 10:57:01.151"></status>
</kw>
<status status="PASS" starttime="20200404 10:57:01.083" endtime="20200404 10:57:01.151"></status>
</kw>
<kw name="encerra sessao" library="base" type="teardown">
<kw name="Capture Page Screenshot" library="SeleniumLibrary">
<doc>Takes a screenshot of the current page and embeds it into a log file.</doc>
<msg timestamp="20200404 10:57:01.543" level="INFO" html="yes">&lt;/td&gt;&lt;/tr&gt;&lt;tr&gt;&lt;td colspan="3"&gt;&lt;a href="selenium-screenshot-31.png"&gt;&lt;img src="selenium-screenshot-31.png" width="800px"&gt;&lt;/a&gt;</msg>
<status status="PASS" starttime="20200404 10:57:01.152" endtime="20200404 10:57:01.544"></status>
</kw>
<kw name="Close Browser" library="SeleniumLibrary">
<doc>Closes the current browser.</doc>
<status status="PASS" starttime="20200404 10:57:01.544" endtime="20200404 10:57:04.222"></status>
</kw>
<status status="PASS" starttime="20200404 10:57:01.152" endtime="20200404 10:57:04.223"></status>
</kw>
<tags>
<tag>user</tag>
</tags>
<status status="PASS" starttime="20200404 10:56:51.754" endtime="20200404 10:57:04.224" critical="yes"></status>
</test>
<status status="PASS" starttime="20200404 10:56:24.802" endtime="20200404 10:57:04.231"></status>
</suite>
<statistics>
<total>
<stat pass="3" fail="0">Critical Tests</stat>
<stat pass="3" fail="0">All Tests</stat>
</total>
<tag>
<stat pass="1" fail="0">invalida</stat>
<stat pass="1" fail="0">user</stat>
</tag>
<suite>
<stat pass="3" fail="0" id="s1" name="Login Form">Login Form</stat>
</suite>
</statistics>
<errors>
</errors>
</robot>
